0 info it worked if it ends with ok
1 verbose cli [ 'node', '/usr/local/bin/npm', '-g', 'install', 'coffee-script' ]
2 info using npm@1.3.8
3 info using node@v0.10.16
4 verbose cache add [ 'coffee-script', null ]
5 verbose cache add name=undefined spec="coffee-script" args=["coffee-script",null]
6 verbose parsed url { protocol: null,
6 verbose parsed url   slashes: null,
6 verbose parsed url   auth: null,
6 verbose parsed url   host: null,
6 verbose parsed url   port: null,
6 verbose parsed url   hostname: null,
6 verbose parsed url   hash: null,
6 verbose parsed url   search: null,
6 verbose parsed url   query: null,
6 verbose parsed url   pathname: 'coffee-script',
6 verbose parsed url   path: 'coffee-script',
6 verbose parsed url   href: 'coffee-script' }
7 silly lockFile ab358269-coffee-script coffee-script
8 verbose lock coffee-script /Users/nate/.npm/ab358269-coffee-script.lock
9 silly lockFile ab358269-coffee-script coffee-script
10 silly lockFile ab358269-coffee-script coffee-script
11 verbose addNamed [ 'coffee-script', '' ]
12 verbose addNamed [ null, '*' ]
13 silly lockFile 53951495-coffee-script coffee-script@
14 verbose lock coffee-script@ /Users/nate/.npm/53951495-coffee-script.lock
15 silly addNameRange { name: 'coffee-script', range: '*', hasData: false }
16 verbose url raw coffee-script
17 verbose url resolving [ 'https://registry.npmjs.org/', './coffee-script' ]
18 verbose url resolved https://registry.npmjs.org/coffee-script
19 info trying registry request attempt 1 at 12:13:15
20 verbose etag "FMB4Y6SCJR32P6J30F565TLM"
21 http GET https://registry.npmjs.org/coffee-script
22 http 200 https://registry.npmjs.org/coffee-script
23 silly registry.get cb [ 200,
23 silly registry.get   { vary: 'Accept',
23 silly registry.get     server: 'CouchDB/1.3.1 (Erlang OTP/R15B03)',
23 silly registry.get     etag: '"2HZAL9J6YNYHX7K414IYU5MS"',
23 silly registry.get     date: 'Sun, 27 Oct 2013 19:13:08 GMT',
23 silly registry.get     'content-type': 'application/json',
23 silly registry.get     'content-length': '41357' } ]
24 silly addNameRange number 2 { name: 'coffee-script', range: '*', hasData: true }
25 silly addNameRange versions [ 'coffee-script',
25 silly addNameRange   [ '0.7.0',
25 silly addNameRange     '0.7.1',
25 silly addNameRange     '0.7.2',
25 silly addNameRange     '0.9.0',
25 silly addNameRange     '0.9.1',
25 silly addNameRange     '0.9.2',
25 silly addNameRange     '0.9.3',
25 silly addNameRange     '0.9.4',
25 silly addNameRange     '0.9.5',
25 silly addNameRange     '0.9.6',
25 silly addNameRange     '1.0.0',
25 silly addNameRange     '1.0.1',
25 silly addNameRange     '1.1.0',
25 silly addNameRange     '1.1.1',
25 silly addNameRange     '1.1.2',
25 silly addNameRange     '1.1.3',
25 silly addNameRange     '1.2.0',
25 silly addNameRange     '1.3.0',
25 silly addNameRange     '1.3.1',
25 silly addNameRange     '1.3.2',
25 silly addNameRange     '1.3.3',
25 silly addNameRange     '1.4.0',
25 silly addNameRange     '1.5.0',
25 silly addNameRange     '1.6.0',
25 silly addNameRange     '1.6.1',
25 silly addNameRange     '1.6.2',
25 silly addNameRange     '1.6.3' ] ]
26 verbose addNamed [ 'coffee-script', '1.6.3' ]
27 verbose addNamed [ '1.6.3', '1.6.3' ]
28 silly lockFile 15ab88ca-coffee-script-1-6-3 coffee-script@1.6.3
29 verbose lock coffee-script@1.6.3 /Users/nate/.npm/15ab88ca-coffee-script-1-6-3.lock
30 silly lockFile a0d97ffe-e-script-coffee-script-1-6-3-tgz https://registry.npmjs.org/coffee-script/-/coffee-script-1.6.3.tgz
31 verbose lock https://registry.npmjs.org/coffee-script/-/coffee-script-1.6.3.tgz /Users/nate/.npm/a0d97ffe-e-script-coffee-script-1-6-3-tgz.lock
32 verbose addRemoteTarball [ 'https://registry.npmjs.org/coffee-script/-/coffee-script-1.6.3.tgz',
32 verbose addRemoteTarball   '6355d32cf1b04cdff6b484e5e711782b2f0c39be' ]
33 info retry fetch attempt 1 at 12:13:16
34 verbose fetch to= /var/folders/b9/1gg7t2q945g08l95_h_bwbnc0000gn/T/npm-87273-bdLe0HDu/1382901196489-0.22878340887837112/tmp.tgz
35 http GET https://registry.npmjs.org/coffee-script/-/coffee-script-1.6.3.tgz
36 http 200 https://registry.npmjs.org/coffee-script/-/coffee-script-1.6.3.tgz
37 verbose tar unpack /var/folders/b9/1gg7t2q945g08l95_h_bwbnc0000gn/T/npm-87273-bdLe0HDu/1382901196489-0.22878340887837112/tmp.tgz
38 silly lockFile 6285f992-6489-0-22878340887837112-package tar:///var/folders/b9/1gg7t2q945g08l95_h_bwbnc0000gn/T/npm-87273-bdLe0HDu/1382901196489-0.22878340887837112/package
39 verbose lock tar:///var/folders/b9/1gg7t2q945g08l95_h_bwbnc0000gn/T/npm-87273-bdLe0HDu/1382901196489-0.22878340887837112/package /Users/nate/.npm/6285f992-6489-0-22878340887837112-package.lock
40 silly lockFile f90b6ca3-6489-0-22878340887837112-tmp-tgz tar:///var/folders/b9/1gg7t2q945g08l95_h_bwbnc0000gn/T/npm-87273-bdLe0HDu/1382901196489-0.22878340887837112/tmp.tgz
41 verbose lock tar:///var/folders/b9/1gg7t2q945g08l95_h_bwbnc0000gn/T/npm-87273-bdLe0HDu/1382901196489-0.22878340887837112/tmp.tgz /Users/nate/.npm/f90b6ca3-6489-0-22878340887837112-tmp-tgz.lock
42 silly gunzTarPerm modes [ '755', '644' ]
43 silly gunzTarPerm extractEntry package.json
44 silly gunzTarPerm extractEntry .npmignore
45 silly gunzTarPerm extractEntry README
46 silly gunzTarPerm extractEntry LICENSE
47 silly gunzTarPerm extractEntry CNAME
48 silly gunzTarPerm extractEntry CONTRIBUTING.md
49 silly gunzTarPerm extractEntry Rakefile
50 silly gunzTarPerm extractEntry bin/cake
51 silly gunzTarPerm extractEntry bin/coffee
52 silly gunzTarPerm extractEntry lib/coffee-script/browser.js
53 silly gunzTarPerm extractEntry lib/coffee-script/grammar.js
54 silly gunzTarPerm extractEntry lib/coffee-script/helpers.js
55 silly gunzTarPerm extractEntry lib/coffee-script/index.js
56 silly gunzTarPerm extractEntry lib/coffee-script/command.js
57 silly gunzTarPerm extractEntry lib/coffee-script/nodes.js
58 silly gunzTarPerm extractEntry lib/coffee-script/optparse.js
59 silly gunzTarPerm extractEntry lib/coffee-script/parser.js
60 silly gunzTarPerm extractEntry lib/coffee-script/repl.js
61 silly gunzTarPerm extractEntry lib/coffee-script/rewriter.js
62 silly gunzTarPerm extractEntry lib/coffee-script/coffee-script.js
63 silly gunzTarPerm extractEntry lib/coffee-script/scope.js
64 silly gunzTarPerm extractEntry lib/coffee-script/cake.js
65 silly gunzTarPerm extractEntry lib/coffee-script/sourcemap.js
66 silly gunzTarPerm extractEntry lib/coffee-script/lexer.js
67 silly lockFile 6285f992-6489-0-22878340887837112-package tar:///var/folders/b9/1gg7t2q945g08l95_h_bwbnc0000gn/T/npm-87273-bdLe0HDu/1382901196489-0.22878340887837112/package
68 silly lockFile 6285f992-6489-0-22878340887837112-package tar:///var/folders/b9/1gg7t2q945g08l95_h_bwbnc0000gn/T/npm-87273-bdLe0HDu/1382901196489-0.22878340887837112/package
69 silly lockFile f90b6ca3-6489-0-22878340887837112-tmp-tgz tar:///var/folders/b9/1gg7t2q945g08l95_h_bwbnc0000gn/T/npm-87273-bdLe0HDu/1382901196489-0.22878340887837112/tmp.tgz
70 silly lockFile f90b6ca3-6489-0-22878340887837112-tmp-tgz tar:///var/folders/b9/1gg7t2q945g08l95_h_bwbnc0000gn/T/npm-87273-bdLe0HDu/1382901196489-0.22878340887837112/tmp.tgz
71 verbose tar pack [ '/Users/nate/.npm/coffee-script/1.6.3/package.tgz',
71 verbose tar pack   '/var/folders/b9/1gg7t2q945g08l95_h_bwbnc0000gn/T/npm-87273-bdLe0HDu/1382901196489-0.22878340887837112/package' ]
72 verbose tarball /Users/nate/.npm/coffee-script/1.6.3/package.tgz
73 verbose folder /var/folders/b9/1gg7t2q945g08l95_h_bwbnc0000gn/T/npm-87273-bdLe0HDu/1382901196489-0.22878340887837112/package
74 silly lockFile 6285f992-6489-0-22878340887837112-package tar:///var/folders/b9/1gg7t2q945g08l95_h_bwbnc0000gn/T/npm-87273-bdLe0HDu/1382901196489-0.22878340887837112/package
75 verbose lock tar:///var/folders/b9/1gg7t2q945g08l95_h_bwbnc0000gn/T/npm-87273-bdLe0HDu/1382901196489-0.22878340887837112/package /Users/nate/.npm/6285f992-6489-0-22878340887837112-package.lock
76 silly lockFile e77e1d72--coffee-script-1-6-3-package-tgz tar:///Users/nate/.npm/coffee-script/1.6.3/package.tgz
77 verbose lock tar:///Users/nate/.npm/coffee-script/1.6.3/package.tgz /Users/nate/.npm/e77e1d72--coffee-script-1-6-3-package-tgz.lock
78 silly lockFile 6285f992-6489-0-22878340887837112-package tar:///var/folders/b9/1gg7t2q945g08l95_h_bwbnc0000gn/T/npm-87273-bdLe0HDu/1382901196489-0.22878340887837112/package
79 silly lockFile 6285f992-6489-0-22878340887837112-package tar:///var/folders/b9/1gg7t2q945g08l95_h_bwbnc0000gn/T/npm-87273-bdLe0HDu/1382901196489-0.22878340887837112/package
80 silly lockFile e77e1d72--coffee-script-1-6-3-package-tgz tar:///Users/nate/.npm/coffee-script/1.6.3/package.tgz
81 silly lockFile e77e1d72--coffee-script-1-6-3-package-tgz tar:///Users/nate/.npm/coffee-script/1.6.3/package.tgz
82 silly lockFile df34250d--npm-coffee-script-1-6-3-package /Users/nate/.npm/coffee-script/1.6.3/package
83 verbose lock /Users/nate/.npm/coffee-script/1.6.3/package /Users/nate/.npm/df34250d--npm-coffee-script-1-6-3-package.lock
84 silly lockFile df34250d--npm-coffee-script-1-6-3-package /Users/nate/.npm/coffee-script/1.6.3/package
85 silly lockFile df34250d--npm-coffee-script-1-6-3-package /Users/nate/.npm/coffee-script/1.6.3/package
86 verbose tar unpack /Users/nate/.npm/coffee-script/1.6.3/package.tgz
87 silly lockFile 47a2a6a7--npm-coffee-script-1-6-3-package tar:///Users/nate/.npm/coffee-script/1.6.3/package
88 verbose lock tar:///Users/nate/.npm/coffee-script/1.6.3/package /Users/nate/.npm/47a2a6a7--npm-coffee-script-1-6-3-package.lock
89 silly lockFile e77e1d72--coffee-script-1-6-3-package-tgz tar:///Users/nate/.npm/coffee-script/1.6.3/package.tgz
90 verbose lock tar:///Users/nate/.npm/coffee-script/1.6.3/package.tgz /Users/nate/.npm/e77e1d72--coffee-script-1-6-3-package-tgz.lock
91 silly gunzTarPerm modes [ '755', '644' ]
92 silly gunzTarPerm extractEntry package.json
93 silly gunzTarPerm extractEntry .npmignore
94 silly gunzTarPerm extractEntry README
95 silly gunzTarPerm extractEntry LICENSE
96 silly gunzTarPerm extractEntry CNAME
97 silly gunzTarPerm extractEntry CONTRIBUTING.md
98 silly gunzTarPerm extractEntry Rakefile
99 silly gunzTarPerm extractEntry bin/cake
100 silly gunzTarPerm extractEntry bin/coffee
101 silly gunzTarPerm extractEntry lib/coffee-script/browser.js
102 silly gunzTarPerm extractEntry lib/coffee-script/grammar.js
103 silly gunzTarPerm extractEntry lib/coffee-script/helpers.js
104 silly gunzTarPerm extractEntry lib/coffee-script/index.js
105 silly gunzTarPerm extractEntry lib/coffee-script/command.js
106 silly gunzTarPerm extractEntry lib/coffee-script/nodes.js
107 silly gunzTarPerm extractEntry lib/coffee-script/optparse.js
108 silly gunzTarPerm extractEntry lib/coffee-script/parser.js
109 silly gunzTarPerm extractEntry lib/coffee-script/repl.js
110 silly gunzTarPerm extractEntry lib/coffee-script/rewriter.js
111 silly gunzTarPerm extractEntry lib/coffee-script/coffee-script.js
112 silly gunzTarPerm extractEntry lib/coffee-script/scope.js
113 silly gunzTarPerm extractEntry lib/coffee-script/cake.js
114 silly gunzTarPerm extractEntry lib/coffee-script/sourcemap.js
115 silly gunzTarPerm extractEntry lib/coffee-script/lexer.js
116 silly lockFile 47a2a6a7--npm-coffee-script-1-6-3-package tar:///Users/nate/.npm/coffee-script/1.6.3/package
117 silly lockFile 47a2a6a7--npm-coffee-script-1-6-3-package tar:///Users/nate/.npm/coffee-script/1.6.3/package
118 silly lockFile e77e1d72--coffee-script-1-6-3-package-tgz tar:///Users/nate/.npm/coffee-script/1.6.3/package.tgz
119 silly lockFile e77e1d72--coffee-script-1-6-3-package-tgz tar:///Users/nate/.npm/coffee-script/1.6.3/package.tgz
120 verbose chmod /Users/nate/.npm/coffee-script/1.6.3/package.tgz 644
121 verbose chown /Users/nate/.npm/coffee-script/1.6.3/package.tgz [ 501, 20 ]
122 silly lockFile a0d97ffe-e-script-coffee-script-1-6-3-tgz https://registry.npmjs.org/coffee-script/-/coffee-script-1.6.3.tgz
123 silly lockFile a0d97ffe-e-script-coffee-script-1-6-3-tgz https://registry.npmjs.org/coffee-script/-/coffee-script-1.6.3.tgz
124 silly lockFile 15ab88ca-coffee-script-1-6-3 coffee-script@1.6.3
125 silly lockFile 15ab88ca-coffee-script-1-6-3 coffee-script@1.6.3
126 silly lockFile 53951495-coffee-script coffee-script@
127 silly lockFile 53951495-coffee-script coffee-script@
128 silly resolved [ { name: 'coffee-script',
128 silly resolved     description: 'Unfancy JavaScript',
128 silly resolved     keywords: [ 'javascript', 'language', 'coffeescript', 'compiler' ],
128 silly resolved     author: { name: 'Jeremy Ashkenas' },
128 silly resolved     version: '1.6.3',
128 silly resolved     licenses: [ [Object] ],
128 silly resolved     engines: { node: '>=0.8.0' },
128 silly resolved     directories: { lib: './lib/coffee-script' },
128 silly resolved     main: './lib/coffee-script/coffee-script',
128 silly resolved     bin: { coffee: './bin/coffee', cake: './bin/cake' },
128 silly resolved     scripts: { test: 'node ./bin/cake test' },
128 silly resolved     homepage: 'http://coffeescript.org',
128 silly resolved     bugs: { url: 'https://github.com/jashkenas/coffee-script/issues' },
128 silly resolved     repository:
128 silly resolved      { type: 'git',
128 silly resolved        url: 'git://github.com/jashkenas/coffee-script.git' },
128 silly resolved     devDependencies: { 'uglify-js': '~2.2', jison: '>=0.2.0' },
128 silly resolved     readme: '\n            {\n         }   }   {\n        {   {  }  }\n         }   }{  {\n        {  }{  }  }                    _____       __  __\n       ( }{ }{  { )                   / ____|     / _|/ _|\n     .- { { }  { }} -.               | |     ___ | |_| |_ ___  ___\n    (  ( } { } { } }  )              | |    / _ \\|  _|  _/ _ \\/ _ \\\n    |`-..________ ..-\'|              | |___| (_) | | | ||  __/  __/\n    |                 |               \\_____\\___/|_| |_| \\___|\\___|\n    |                 ;--.\n    |                (__  \\            _____           _       _\n    |                 | )  )          / ____|         (_)     | |\n    |                 |/  /          | (___   ___ _ __ _ _ __ | |_\n    |                 (  /            \\___ \\ / __| \'__| | \'_ \\| __|\n    |                 |/              ____) | (__| |  | | |_) | |_\n    |                 |              |_____/ \\___|_|  |_| .__/ \\__|\n     `-.._________..-\'                                  | |\n                                                        |_|\n\n\n  CoffeeScript is a little language that compiles into JavaScript.\n\n  Install Node.js, and then the CoffeeScript compiler:\n  sudo bin/cake install\n\n  Or, if you have the Node Package Manager installed:\n  npm install -g coffee-script\n  (Leave off the -g if you don\'t wish to install globally.)\n\n  Execute a script:\n  coffee /path/to/script.coffee\n\n  Compile a script:\n  coffee -c /path/to/script.coffee\n\n  For documentation, usage, and examples, see:\n  http://coffeescript.org/\n\n  To suggest a feature, report a bug, or general discussion:\n  http://github.com/jashkenas/coffee-script/issues/\n\n  If you\'d like to chat, drop by #coffeescript on Freenode IRC,\n  or on webchat.freenode.net.\n\n  The source repository:\n  git://github.com/jashkenas/coffee-script.git\n\n  All contributors are listed here:\n  http://github.com/jashkenas/coffee-script/contributors\n',
128 silly resolved     readmeFilename: 'README',
128 silly resolved     _id: 'coffee-script@1.6.3',
128 silly resolved     dist: { shasum: '6355d32cf1b04cdff6b484e5e711782b2f0c39be' },
128 silly resolved     _from: 'coffee-script@',
128 silly resolved     _resolved: 'https://registry.npmjs.org/coffee-script/-/coffee-script-1.6.3.tgz' } ]
129 info install coffee-script@1.6.3 into /usr/local/lib
130 info installOne coffee-script@1.6.3
131 info /usr/local/lib/node_modules/coffee-script unbuild
132 verbose tar unpack /Users/nate/.npm/coffee-script/1.6.3/package.tgz
133 silly lockFile 865d9b08-l-lib-node-modules-coffee-script tar:///usr/local/lib/node_modules/coffee-script
134 verbose lock tar:///usr/local/lib/node_modules/coffee-script /Users/nate/.npm/865d9b08-l-lib-node-modules-coffee-script.lock
135 silly lockFile e77e1d72--coffee-script-1-6-3-package-tgz tar:///Users/nate/.npm/coffee-script/1.6.3/package.tgz
136 verbose lock tar:///Users/nate/.npm/coffee-script/1.6.3/package.tgz /Users/nate/.npm/e77e1d72--coffee-script-1-6-3-package-tgz.lock
137 silly gunzTarPerm modes [ '755', '644' ]
138 error Error: EACCES, mkdir '/usr/local/lib/node_modules/coffee-script'
138 error  { [Error: EACCES, mkdir '/usr/local/lib/node_modules/coffee-script']
138 error   errno: 3,
138 error   code: 'EACCES',
138 error   path: '/usr/local/lib/node_modules/coffee-script',
138 error   fstream_type: 'Directory',
138 error   fstream_path: '/usr/local/lib/node_modules/coffee-script',
138 error   fstream_class: 'DirWriter',
138 error   fstream_stack:
138 error    [ '/usr/local/lib/node_modules/npm/node_modules/fstream/lib/dir-writer.js:36:23',
138 error      '/usr/local/lib/node_modules/npm/node_modules/mkdirp/index.js:37:53',
138 error      'Object.oncomplete (fs.js:107:15)' ] }
139 error Please try running this command again as root/Administrator.
140 error System Darwin 12.5.0
141 error command "node" "/usr/local/bin/npm" "-g" "install" "coffee-script"
142 error cwd /Users/nate/Programming/appacademy/Loan_it_to_me
143 error node -v v0.10.16
144 error npm -v 1.3.8
145 error path /usr/local/lib/node_modules/coffee-script
146 error fstream_path /usr/local/lib/node_modules/coffee-script
147 error fstream_type Directory
148 error fstream_class DirWriter
149 error code EACCES
150 error errno 3
151 error stack Error: EACCES, mkdir '/usr/local/lib/node_modules/coffee-script'
152 error fstream_stack /usr/local/lib/node_modules/npm/node_modules/fstream/lib/dir-writer.js:36:23
152 error fstream_stack /usr/local/lib/node_modules/npm/node_modules/mkdirp/index.js:37:53
152 error fstream_stack Object.oncomplete (fs.js:107:15)
153 verbose exit [ 3, true ]
